<html>
<head>
<title>TestNG:  Test</title>
<link href="../testng.css" rel="stylesheet" type="text/css" />
<link href="../my-testng.css" rel="stylesheet" type="text/css" />

<style type="text/css">
.log { display: none;} 
.stack-trace { display: none;} 
</style>
<script type="text/javascript">
<!--
function flip(e) {
  current = e.style.display;
  if (current == 'block') {
    e.style.display = 'none';
    return 0;
  }
  else {
    e.style.display = 'block';
    return 1;
  }
}

function toggleBox(szDivId, elem, msg1, msg2)
{
  var res = -1;  if (document.getElementById) {
    res = flip(document.getElementById(szDivId));
  }
  else if (document.all) {
    // this is the way old msie versions work
    res = flip(document.all[szDivId]);
  }
  if(elem) {
    if(res == 0) elem.innerHTML = msg1; else elem.innerHTML = msg2;
  }

}

function toggleAllBoxes() {
  if (document.getElementsByTagName) {
    d = document.getElementsByTagName('div');
    for (i = 0; i < d.length; i++) {
      if (d[i].className == 'log') {
        flip(d[i]);
      }
    }
  }
}

// -->
</script>

</head>
<body>
<h2 align='center'>Test</h2><table border='1' align="center">
<tr>
<td>Tests passed/Failed/Skipped:</td><td>12/1/0</td>
</tr><tr>
<td>Started on:</td><td>Thu Sep 24 14:24:57 EDT 2020</td>
</tr>
<tr><td>Total time:</td><td>608 seconds (608414 ms)</td>
</tr><tr>
<td>Included groups:</td><td></td>
</tr><tr>
<td>Excluded groups:</td><td></td>
</tr>
</table><p/>
<small><i>(Hover the method name to see the test class name)</i></small><p/>
<table width='100%' border='1' class='invocation-failed'>
<tr><td colspan='4' align='center'><b>FAILED TESTS</b></td></tr>
<tr><td><b>Test method</b></td>
<td width="30%"><b>Exception</b></td>
<td width="10%"><b>Time (seconds)</b></td>
<td><b>Instance</b></td>
</tr>
<tr>
<td title='com.qa.amazon.testcases.LoginPageTest.verifyLoginPageTitleTest()'><b>verifyLoginPageTitleTest</b><br>Test class: com.qa.amazon.testcases.LoginPageTest</td>
<td><div><pre>java.lang.AssertionError: expected [Amazon Sign Ins] but found [Amazon Sign In]
	at com.qa.amazon.testcases.LoginPageTest.verifyLoginPageTitleTest(LoginPageTest.java:42)
	at java.base/java.util.concurrent.FutureTask.run(FutureTask.java:264)
	at java.base/java.util.concurrent.ThreadPoolExecutor.runWorker(ThreadPoolExecutor.java:1128)
	at java.base/java.util.concurrent.ThreadPoolExecutor$Worker.run(ThreadPoolExecutor.java:628)
	at java.base/java.lang.Thread.run(Thread.java:834)
... Removed 22 stack frames</pre></div><a href='#' onClick='toggleBox("stack-trace721835513", this, "Click to show all stack frames", "Click to hide stack frames")'>Click to show all stack frames</a>
<div class='stack-trace' id='stack-trace721835513'><pre>java.lang.AssertionError: expected [Amazon Sign Ins] but found [Amazon Sign In]
	at org.testng.Assert.fail(Assert.java:96)
	at org.testng.Assert.failNotEquals(Assert.java:776)
	at org.testng.Assert.assertEqualsImpl(Assert.java:137)
	at org.testng.Assert.assertEquals(Assert.java:118)
	at org.testng.Assert.assertEquals(Assert.java:453)
	at org.testng.Assert.assertEquals(Assert.java:463)
	at com.qa.amazon.testcases.LoginPageTest.verifyLoginPageTitleTest(LoginPageTest.java:42)
	at java.base/jdk.internal.reflect.NativeMethodAccessorImpl.invoke0(Native Method)
	at java.base/jdk.internal.reflect.NativeMethodAccessorImpl.invoke(NativeMethodAccessorImpl.java:62)
	at java.base/jdk.internal.reflect.DelegatingMethodAccessorImpl.invoke(DelegatingMethodAccessorImpl.java:43)
	at java.base/java.lang.reflect.Method.invoke(Method.java:566)
	at org.testng.internal.MethodInvocationHelper.invokeMethod(MethodInvocationHelper.java:124)
	at org.testng.internal.Invoker.invokeMethod(Invoker.java:583)
	at org.testng.internal.Invoker.invokeTestMethod(Invoker.java:719)
	at org.testng.internal.Invoker.invokeTestMethods(Invoker.java:989)
	at org.testng.internal.TestMethodWorker.invokeTestMethods(TestMethodWorker.java:125)
	at org.testng.internal.TestMethodWorker.run(TestMethodWorker.java:109)
	at org.testng.TestRunner.privateRun(TestRunner.java:648)
	at org.testng.TestRunner.run(TestRunner.java:505)
	at org.testng.SuiteRunner.runTest(SuiteRunner.java:455)
	at org.testng.SuiteRunner.access$000(SuiteRunner.java:40)
	at org.testng.SuiteRunner$SuiteWorker.run(SuiteRunner.java:489)
	at org.testng.internal.thread.ThreadUtil$1.call(ThreadUtil.java:52)
	at java.base/java.util.concurrent.FutureTask.run(FutureTask.java:264)
	at java.base/java.util.concurrent.ThreadPoolExecutor.runWorker(ThreadPoolExecutor.java:1128)
	at java.base/java.util.concurrent.ThreadPoolExecutor$Worker.run(ThreadPoolExecutor.java:628)
	at java.base/java.lang.Thread.run(Thread.java:834)
</pre></div></td>
<td>0</td>
<td>com.qa.amazon.testcases.LoginPageTest@58594a11</td></tr>
</table><p>
<table width='100%' border='1' class='invocation-passed'>
<tr><td colspan='4' align='center'><b>PASSED TESTS</b></td></tr>
<tr><td><b>Test method</b></td>
<td width="30%"><b>Exception</b></td>
<td width="10%"><b>Time (seconds)</b></td>
<td><b>Instance</b></td>
</tr>
<tr>
<td title='com.qa.amazon.testcases.LandingPageTest.verifyClickOnSignInLinkTest()'><b>verifyClickOnSignInLinkTest</b><br>Test class: com.qa.amazon.testcases.LandingPageTest</td>
<td></td>
<td>7</td>
<td>com.qa.amazon.testcases.LandingPageTest@6c372fe6</td></tr>
<tr>
<td title='com.qa.amazon.testcases.LoginPageTest.verifyConditionOfUseLinkTest()'><b>verifyConditionOfUseLinkTest</b><br>Test class: com.qa.amazon.testcases.LoginPageTest</td>
<td></td>
<td>0</td>
<td>com.qa.amazon.testcases.LoginPageTest@58594a11</td></tr>
<tr>
<td title='com.qa.amazon.testcases.LoginPageTest.verifyCreateAccountSubmitTest()'><b>verifyCreateAccountSubmitTest</b><br>Test class: com.qa.amazon.testcases.LoginPageTest</td>
<td></td>
<td>0</td>
<td>com.qa.amazon.testcases.LoginPageTest@58594a11</td></tr>
<tr>
<td title='com.qa.amazon.testcases.LoginPageTest.verifyEnterEmailAddress()'><b>verifyEnterEmailAddress</b><br>Test class: com.qa.amazon.testcases.LoginPageTest</td>
<td></td>
<td>29</td>
<td>com.qa.amazon.testcases.LoginPageTest@58594a11</td></tr>
<tr>
<td title='com.qa.amazon.testcases.LandingPageTest.verifyLandingPageCondtionOfUseLinkTest()'><b>verifyLandingPageCondtionOfUseLinkTest</b><br>Test class: com.qa.amazon.testcases.LandingPageTest</td>
<td></td>
<td>11</td>
<td>com.qa.amazon.testcases.LandingPageTest@6c372fe6</td></tr>
<tr>
<td title='com.qa.amazon.testcases.LandingPageTest.verifyLandingPageFlagLogoTest()'><b>verifyLandingPageFlagLogoTest</b><br>Test class: com.qa.amazon.testcases.LandingPageTest</td>
<td></td>
<td>15</td>
<td>com.qa.amazon.testcases.LandingPageTest@6c372fe6</td></tr>
<tr>
<td title='com.qa.amazon.testcases.LandingPageTest.verifyLandingPageLogoTest()'><b>verifyLandingPageLogoTest</b><br>Test class: com.qa.amazon.testcases.LandingPageTest</td>
<td></td>
<td>0</td>
<td>com.qa.amazon.testcases.LandingPageTest@6c372fe6</td></tr>
<tr>
<td title='com.qa.amazon.testcases.LandingPageTest.verifyLandingPageSearchTextBoxTest()'><b>verifyLandingPageSearchTextBoxTest</b><br>Test class: com.qa.amazon.testcases.LandingPageTest</td>
<td></td>
<td>5</td>
<td>com.qa.amazon.testcases.LandingPageTest@6c372fe6</td></tr>
<tr>
<td title='com.qa.amazon.testcases.LandingPageTest.verifyLandingPageTitleTest()'><b>verifyLandingPageTitleTest</b><br>Test class: com.qa.amazon.testcases.LandingPageTest</td>
<td></td>
<td>0</td>
<td>com.qa.amazon.testcases.LandingPageTest@6c372fe6</td></tr>
<tr>
<td title='com.qa.amazon.testcases.LoginPageTest.verifyLoginPageLogoTest()'><b>verifyLoginPageLogoTest</b><br>Test class: com.qa.amazon.testcases.LoginPageTest</td>
<td></td>
<td>0</td>
<td>com.qa.amazon.testcases.LoginPageTest@58594a11</td></tr>
<tr>
<td title='com.qa.amazon.testcases.LoginPageTest.verifyNeedHelpLinkTest()'><b>verifyNeedHelpLinkTest</b><br>Test class: com.qa.amazon.testcases.LoginPageTest</td>
<td></td>
<td>0</td>
<td>com.qa.amazon.testcases.LoginPageTest@58594a11</td></tr>
<tr>
<td title='com.qa.amazon.testcases.LoginPageTest.verifyPrivacyNoticeLinkTest()'><b>verifyPrivacyNoticeLinkTest</b><br>Test class: com.qa.amazon.testcases.LoginPageTest</td>
<td></td>
<td>0</td>
<td>com.qa.amazon.testcases.LoginPageTest@58594a11</td></tr>
</table><p>
</body>
</html>