<?xml version="1.0" encoding="UTF-8"?>
<!-- Generated by org.testng.reporters.JUnitXMLReporter -->
<testsuite ignored="0" hostname="DESKTOP-7ARKDEF" failures="1" tests="13" name="Test" time="608.414" errors="0" timestamp="24 Sep. 2020 18:35:06 GMT">
  <testcase classname="com.qa.amazon.testcases.LandingPageTest" name="verifyLandingPageTitleTest" time="0.227"/>
  <testcase classname="com.qa.amazon.testcases.LoginPageTest" name="verifyLoginPageTitleTest" time="0.084">
    <failure type="java.lang.AssertionError" message="expected [Amazon Sign Ins] but found [Amazon Sign In]">
      <![CDATA[java.lang.AssertionError: expected [Amazon Sign Ins] but found [Amazon Sign In]
at com.qa.amazon.testcases.LoginPageTest.verifyLoginPageTitleTest(LoginPageTest.java:42)
at java.base/java.util.concurrent.FutureTask.run(FutureTask.java:264)
at java.base/java.util.concurrent.ThreadPoolExecutor.runWorker(ThreadPoolExecutor.java:1128)
at java.base/java.util.concurrent.ThreadPoolExecutor$Worker.run(ThreadPoolExecutor.java:628)
at java.base/java.lang.Thread.run(Thread.java:834)
... Removed 22 stack frames]]>
    </failure>
  </testcase> <!-- verifyLoginPageTitleTest -->
  <testcase classname="com.qa.amazon.testcases.LandingPageTest" name="verifyLandingPageLogoTest" time="0.351"/>
  <testcase classname="com.qa.amazon.testcases.LoginPageTest" name="verifyLoginPageLogoTest" time="0.253"/>
  <testcase classname="com.qa.amazon.testcases.LandingPageTest" name="verifyLandingPageSearchTextBoxTest" time="5.756"/>
  <testcase classname="com.qa.amazon.testcases.LoginPageTest" name="verifyConditionOfUseLinkTest" time="0.229"/>
  <testcase classname="com.qa.amazon.testcases.LandingPageTest" name="verifyLandingPageFlagLogoTest" time="15.277"/>
  <testcase classname="com.qa.amazon.testcases.LoginPageTest" name="verifyNeedHelpLinkTest" time="0.094"/>
  <testcase classname="com.qa.amazon.testcases.LandingPageTest" name="verifyLandingPageCondtionOfUseLinkTest" time="11.969"/>
  <testcase classname="com.qa.amazon.testcases.LoginPageTest" name="verifyPrivacyNoticeLinkTest" time="0.116"/>
  <testcase classname="com.qa.amazon.testcases.LandingPageTest" name="verifyClickOnSignInLinkTest" time="7.951"/>
  <testcase classname="com.qa.amazon.testcases.LoginPageTest" name="verifyCreateAccountSubmitTest" time="0.212"/>
  <testcase classname="com.qa.amazon.testcases.LoginPageTest" name="verifyEnterEmailAddress" time="29.148"/>
</testsuite> <!-- Test -->
