<html>
<head>
<title>TestNG:  Amazon Test Case</title>
<link href="../testng.css" rel="stylesheet" type="text/css" />
<link href="../my-testng.css" rel="stylesheet" type="text/css" />

<style type="text/css">
.log { display: none;} 
.stack-trace { display: none;} 
</style>
<script type="text/javascript">
<!--
function flip(e) {
  current = e.style.display;
  if (current == 'block') {
    e.style.display = 'none';
    return 0;
  }
  else {
    e.style.display = 'block';
    return 1;
  }
}

function toggleBox(szDivId, elem, msg1, msg2)
{
  var res = -1;  if (document.getElementById) {
    res = flip(document.getElementById(szDivId));
  }
  else if (document.all) {
    // this is the way old msie versions work
    res = flip(document.all[szDivId]);
  }
  if(elem) {
    if(res == 0) elem.innerHTML = msg1; else elem.innerHTML = msg2;
  }

}

function toggleAllBoxes() {
  if (document.getElementsByTagName) {
    d = document.getElementsByTagName('div');
    for (i = 0; i < d.length; i++) {
      if (d[i].className == 'log') {
        flip(d[i]);
      }
    }
  }
}

// -->
</script>

</head>
<body>
<h2 align='center'>Amazon Test Case</h2><table border='1' align="center">
<tr>
<td>Tests passed/Failed/Skipped:</td><td>19/0/1</td>
</tr><tr>
<td>Started on:</td><td>Mon Sep 21 20:54:02 EDT 2020</td>
</tr>
<tr><td>Total time:</td><td>691 seconds (691651 ms)</td>
</tr><tr>
<td>Included groups:</td><td></td>
</tr><tr>
<td>Excluded groups:</td><td></td>
</tr>
</table><p/>
<small><i>(Hover the method name to see the test class name)</i></small><p/>
<table width='100%' border='1' class='invocation-failed'>
<tr><td colspan='4' align='center'><b>FAILED CONFIGURATIONS</b></td></tr>
<tr><td><b>Test method</b></td>
<td width="30%"><b>Exception</b></td>
<td width="10%"><b>Time (seconds)</b></td>
<td><b>Instance</b></td>
</tr>
<tr>
<td title='com.qa.amazon.testcases.LoginPageTest.setUp()'><b>setUp</b><br>Test class: com.qa.amazon.testcases.LoginPageTest</td>
<td><div><pre>org.openqa.selenium.WebDriverException: unknown error: Element &lt;span class=&quot;nav-action-inner&quot;&gt;...&lt;/span&gt; is not clickable at point (957, 83). Other element would receive the click: &lt;div id=&quot;nav-signin-tooltip&quot;&gt;...&lt;/div&gt;
  (Session info: chrome=85.0.4183.102)
  (Driver info: chromedriver=2.36.540470 (e522d04694c7ebea4ba8821272dbef4f9b818c91),platform=Windows NT 10.0.18363 x86_64) (WARNING: The server did not provide any stacktrace information)
Command duration or timeout: 0 milliseconds
Build info: version: &apos;3.14.0&apos;, revision: &apos;aacccce0&apos;, time: &apos;2018-08-02T20:19:58.91Z&apos;
System info: host: &apos;DESKTOP-7ARKDEF&apos;, ip: &apos;192.168.0.13&apos;, os.name: &apos;Windows 10&apos;, os.arch: &apos;amd64&apos;, os.version: &apos;10.0&apos;, java.version: &apos;11.0.7&apos;
Driver info: org.openqa.selenium.chrome.ChromeDriver
Capabilities {acceptInsecureCerts: false, acceptSslCerts: false, applicationCacheEnabled: false, browserConnectionEnabled: false, browserName: chrome, chrome: {chromedriverVersion: 2.36.540470 (e522d04694c7eb..., userDataDir: C:\Users\raj2b\AppData\Loca...}, cssSelectorsEnabled: true, databaseEnabled: false, handlesAlerts: true, hasTouchScreen: false, javascriptEnabled: true, locationContextEnabled: true, mobileEmulationEnabled: false, nativeEvents: true, networkConnectionEnabled: false, pageLoadStrategy: normal, platform: XP, platformName: XP, rotatable: false, setWindowRect: true, takesHeapSnapshot: true, takesScreenshot: true, unexpectedAlertBehaviour: , unhandledPromptBehavior: , version: 85.0.4183.102, webStorageEnabled: true}
Session ID: 1e9ae1606ae42d526c682b20a63569c4
	at org.openqa.selenium.remote.ErrorHandler.createThrowable(ErrorHandler.java:214)
	at org.openqa.selenium.remote.ErrorHandler.throwIfResponseFailed(ErrorHandler.java:166)
	at org.openqa.selenium.remote.http.JsonHttpResponseCodec.reconstructValue(JsonHttpResponseCodec.java:40)
	at org.openqa.selenium.remote.http.AbstractHttpResponseCodec.decode(AbstractHttpResponseCodec.java:80)
	at org.openqa.selenium.remote.http.AbstractHttpResponseCodec.decode(AbstractHttpResponseCodec.java:44)
	at org.openqa.selenium.remote.HttpCommandExecutor.execute(HttpCommandExecutor.java:158)
	at org.openqa.selenium.remote.service.DriverCommandExecutor.execute(DriverCommandExecutor.java:83)
	at org.openqa.selenium.remote.RemoteWebDriver.execute(RemoteWebDriver.java:548)
	at org.openqa.selenium.remote.RemoteWebElement.execute(RemoteWebElement.java:276)
	at org.openqa.selenium.remote.RemoteWebElement.click(RemoteWebElement.java:83)
	at org.openqa.selenium.support.pagefactory.internal.LocatingElementHandler.invoke(LocatingElementHandler.java:51)
	at com.sun.proxy.$Proxy12.click(Unknown Source)
	at com.qa.amazon.pages.LandingPage.clickOnSignInLink(LandingPage.java:88)
	at com.qa.amazon.testcases.LoginPageTest.setUp(LoginPageTest.java:30)
	at java.base/java.util.concurrent.FutureTask.run(FutureTask.java:264)
	at java.base/java.util.concurrent.ThreadPoolExecutor.runWorker(ThreadPoolExecutor.java:1128)
	at java.base/java.util.concurrent.ThreadPoolExecutor$Worker.run(ThreadPoolExecutor.java:628)
	at java.base/java.lang.Thread.run(Thread.java:834)
... Removed 26 stack frames</pre></div><a href='#' onClick='toggleBox("stack-trace687346995", this, "Click to show all stack frames", "Click to hide stack frames")'>Click to show all stack frames</a>
<div class='stack-trace' id='stack-trace687346995'><pre>org.openqa.selenium.WebDriverException: unknown error: Element &lt;span class=&quot;nav-action-inner&quot;&gt;...&lt;/span&gt; is not clickable at point (957, 83). Other element would receive the click: &lt;div id=&quot;nav-signin-tooltip&quot;&gt;...&lt;/div&gt;
  (Session info: chrome=85.0.4183.102)
  (Driver info: chromedriver=2.36.540470 (e522d04694c7ebea4ba8821272dbef4f9b818c91),platform=Windows NT 10.0.18363 x86_64) (WARNING: The server did not provide any stacktrace information)
Command duration or timeout: 0 milliseconds
Build info: version: &apos;3.14.0&apos;, revision: &apos;aacccce0&apos;, time: &apos;2018-08-02T20:19:58.91Z&apos;
System info: host: &apos;DESKTOP-7ARKDEF&apos;, ip: &apos;192.168.0.13&apos;, os.name: &apos;Windows 10&apos;, os.arch: &apos;amd64&apos;, os.version: &apos;10.0&apos;, java.version: &apos;11.0.7&apos;
Driver info: org.openqa.selenium.chrome.ChromeDriver
Capabilities {acceptInsecureCerts: false, acceptSslCerts: false, applicationCacheEnabled: false, browserConnectionEnabled: false, browserName: chrome, chrome: {chromedriverVersion: 2.36.540470 (e522d04694c7eb..., userDataDir: C:\Users\raj2b\AppData\Loca...}, cssSelectorsEnabled: true, databaseEnabled: false, handlesAlerts: true, hasTouchScreen: false, javascriptEnabled: true, locationContextEnabled: true, mobileEmulationEnabled: false, nativeEvents: true, networkConnectionEnabled: false, pageLoadStrategy: normal, platform: XP, platformName: XP, rotatable: false, setWindowRect: true, takesHeapSnapshot: true, takesScreenshot: true, unexpectedAlertBehaviour: , unhandledPromptBehavior: , version: 85.0.4183.102, webStorageEnabled: true}
Session ID: 1e9ae1606ae42d526c682b20a63569c4
	at java.base/jdk.internal.reflect.NativeConstructorAccessorImpl.newInstance0(Native Method)
	at java.base/jdk.internal.reflect.NativeConstructorAccessorImpl.newInstance(NativeConstructorAccessorImpl.java:62)
	at java.base/jdk.internal.reflect.DelegatingConstructorAccessorImpl.newInstance(DelegatingConstructorAccessorImpl.java:45)
	at java.base/java.lang.reflect.Constructor.newInstance(Constructor.java:490)
	at org.openqa.selenium.remote.ErrorHandler.createThrowable(ErrorHandler.java:214)
	at org.openqa.selenium.remote.ErrorHandler.throwIfResponseFailed(ErrorHandler.java:166)
	at org.openqa.selenium.remote.http.JsonHttpResponseCodec.reconstructValue(JsonHttpResponseCodec.java:40)
	at org.openqa.selenium.remote.http.AbstractHttpResponseCodec.decode(AbstractHttpResponseCodec.java:80)
	at org.openqa.selenium.remote.http.AbstractHttpResponseCodec.decode(AbstractHttpResponseCodec.java:44)
	at org.openqa.selenium.remote.HttpCommandExecutor.execute(HttpCommandExecutor.java:158)
	at org.openqa.selenium.remote.service.DriverCommandExecutor.execute(DriverCommandExecutor.java:83)
	at org.openqa.selenium.remote.RemoteWebDriver.execute(RemoteWebDriver.java:548)
	at org.openqa.selenium.remote.RemoteWebElement.execute(RemoteWebElement.java:276)
	at org.openqa.selenium.remote.RemoteWebElement.click(RemoteWebElement.java:83)
	at jdk.internal.reflect.GeneratedMethodAccessor1.invoke(Unknown Source)
	at java.base/jdk.internal.reflect.DelegatingMethodAccessorImpl.invoke(DelegatingMethodAccessorImpl.java:43)
	at java.base/java.lang.reflect.Method.invoke(Method.java:566)
	at org.openqa.selenium.support.pagefactory.internal.LocatingElementHandler.invoke(LocatingElementHandler.java:51)
	at com.sun.proxy.$Proxy12.click(Unknown Source)
	at com.qa.amazon.pages.LandingPage.clickOnSignInLink(LandingPage.java:88)
	at com.qa.amazon.testcases.LoginPageTest.setUp(LoginPageTest.java:30)
	at java.base/jdk.internal.reflect.NativeMethodAccessorImpl.invoke0(Native Method)
	at java.base/jdk.internal.reflect.NativeMethodAccessorImpl.invoke(NativeMethodAccessorImpl.java:62)
	at java.base/jdk.internal.reflect.DelegatingMethodAccessorImpl.invoke(DelegatingMethodAccessorImpl.java:43)
	at java.base/java.lang.reflect.Method.invoke(Method.java:566)
	at org.testng.internal.MethodInvocationHelper.invokeMethod(MethodInvocationHelper.java:124)
	at org.testng.internal.MethodInvocationHelper.invokeMethodConsideringTimeout(MethodInvocationHelper.java:59)
	at org.testng.internal.Invoker.invokeConfigurationMethod(Invoker.java:458)
	at org.testng.internal.Invoker.invokeConfigurations(Invoker.java:222)
	at org.testng.internal.Invoker.invokeMethod(Invoker.java:523)
	at org.testng.internal.Invoker.invokeTestMethod(Invoker.java:719)
	at org.testng.internal.Invoker.invokeTestMethods(Invoker.java:989)
	at org.testng.internal.TestMethodWorker.invokeTestMethods(TestMethodWorker.java:125)
	at org.testng.internal.TestMethodWorker.run(TestMethodWorker.java:109)
	at org.testng.TestRunner.privateRun(TestRunner.java:648)
	at org.testng.TestRunner.run(TestRunner.java:505)
	at org.testng.SuiteRunner.runTest(SuiteRunner.java:455)
	at org.testng.SuiteRunner.access$000(SuiteRunner.java:40)
	at org.testng.SuiteRunner$SuiteWorker.run(SuiteRunner.java:489)
	at org.testng.internal.thread.ThreadUtil$1.call(ThreadUtil.java:52)
	at java.base/java.util.concurrent.FutureTask.run(FutureTask.java:264)
	at java.base/java.util.concurrent.ThreadPoolExecutor.runWorker(ThreadPoolExecutor.java:1128)
	at java.base/java.util.concurrent.ThreadPoolExecutor$Worker.run(ThreadPoolExecutor.java:628)
	at java.base/java.lang.Thread.run(Thread.java:834)
</pre></div></td>
<td>27</td>
<td>com.qa.amazon.testcases.LoginPageTest@4167d97b</td></tr>
</table><p>
<table width='100%' border='1' class='invocation-skipped'>
<tr><td colspan='4' align='center'><b>SKIPPED CONFIGURATIONS</b></td></tr>
<tr><td><b>Test method</b></td>
<td width="30%"><b>Exception</b></td>
<td width="10%"><b>Time (seconds)</b></td>
<td><b>Instance</b></td>
</tr>
<tr>
<td title='com.qa.amazon.testcases.LoginPageTest.tearDown()'><b>tearDown</b><br>Test class: com.qa.amazon.testcases.LoginPageTest</td>
<td></td>
<td>0</td>
<td>com.qa.amazon.testcases.LoginPageTest@4167d97b</td></tr>
</table><p>
<table width='100%' border='1' class='invocation-passed'>
<tr><td colspan='4' align='center'><b>PASSED TESTS</b></td></tr>
<tr><td><b>Test method</b></td>
<td width="30%"><b>Exception</b></td>
<td width="10%"><b>Time (seconds)</b></td>
<td><b>Instance</b></td>
</tr>
<tr>
<td title='com.qa.amazon.testcases.LandingPageTest.verifyClickOnSignInLinkTest()'><b>verifyClickOnSignInLinkTest</b><br>Test class: com.qa.amazon.testcases.LandingPageTest</td>
<td></td>
<td>10</td>
<td>com.qa.amazon.testcases.LandingPageTest@2a3888c1</td></tr>
<tr>
<td title='com.qa.amazon.testcases.LoginPageTest.verifyConditionOfUseLinkTest()'><b>verifyConditionOfUseLinkTest</b><br>Test class: com.qa.amazon.testcases.LoginPageTest</td>
<td></td>
<td>0</td>
<td>com.qa.amazon.testcases.LoginPageTest@4167d97b</td></tr>
<tr>
<td title='com.qa.amazon.testcases.LoginPageTest.verifyCreateAccountSubmitTest()'><b>verifyCreateAccountSubmitTest</b><br>Test class: com.qa.amazon.testcases.LoginPageTest</td>
<td></td>
<td>0</td>
<td>com.qa.amazon.testcases.LoginPageTest@4167d97b</td></tr>
<tr>
<td title='com.qa.amazon.testcases.SignInPageTest.verifyDetailsLinkTest()'><b>verifyDetailsLinkTest</b><br>Test class: com.qa.amazon.testcases.SignInPageTest</td>
<td></td>
<td>0</td>
<td>com.qa.amazon.testcases.SignInPageTest@14fa86ae</td></tr>
<tr>
<td title='com.qa.amazon.testcases.SignInPageTest.verifyEnterPassword()'><b>verifyEnterPassword</b><br>Test class: com.qa.amazon.testcases.SignInPageTest</td>
<td></td>
<td>2</td>
<td>com.qa.amazon.testcases.SignInPageTest@14fa86ae</td></tr>
<tr>
<td title='com.qa.amazon.testcases.SignInPageTest.verifyForgotPasswordLinkTest()'><b>verifyForgotPasswordLinkTest</b><br>Test class: com.qa.amazon.testcases.SignInPageTest</td>
<td></td>
<td>0</td>
<td>com.qa.amazon.testcases.SignInPageTest@14fa86ae</td></tr>
<tr>
<td title='com.qa.amazon.testcases.SignInPageTest.verifyHelpLinkTest()'><b>verifyHelpLinkTest</b><br>Test class: com.qa.amazon.testcases.SignInPageTest</td>
<td></td>
<td>0</td>
<td>com.qa.amazon.testcases.SignInPageTest@14fa86ae</td></tr>
<tr>
<td title='com.qa.amazon.testcases.SignInPageTest.verifyKeepMeCheckBoxTest()'><b>verifyKeepMeCheckBoxTest</b><br>Test class: com.qa.amazon.testcases.SignInPageTest</td>
<td></td>
<td>0</td>
<td>com.qa.amazon.testcases.SignInPageTest@14fa86ae</td></tr>
<tr>
<td title='com.qa.amazon.testcases.LandingPageTest.verifyLandingPageCondtionOfUseLinkTest()'><b>verifyLandingPageCondtionOfUseLinkTest</b><br>Test class: com.qa.amazon.testcases.LandingPageTest</td>
<td></td>
<td>8</td>
<td>com.qa.amazon.testcases.LandingPageTest@2a3888c1</td></tr>
<tr>
<td title='com.qa.amazon.testcases.LandingPageTest.verifyLandingPageFlagLogoTest()'><b>verifyLandingPageFlagLogoTest</b><br>Test class: com.qa.amazon.testcases.LandingPageTest</td>
<td></td>
<td>0</td>
<td>com.qa.amazon.testcases.LandingPageTest@2a3888c1</td></tr>
<tr>
<td title='com.qa.amazon.testcases.LandingPageTest.verifyLandingPageLogoTest()'><b>verifyLandingPageLogoTest</b><br>Test class: com.qa.amazon.testcases.LandingPageTest</td>
<td></td>
<td>0</td>
<td>com.qa.amazon.testcases.LandingPageTest@2a3888c1</td></tr>
<tr>
<td title='com.qa.amazon.testcases.LandingPageTest.verifyLandingPageSearchTextBoxTest()'><b>verifyLandingPageSearchTextBoxTest</b><br>Test class: com.qa.amazon.testcases.LandingPageTest</td>
<td></td>
<td>0</td>
<td>com.qa.amazon.testcases.LandingPageTest@2a3888c1</td></tr>
<tr>
<td title='com.qa.amazon.testcases.LandingPageTest.verifyLandingPageTitleTest()'><b>verifyLandingPageTitleTest</b><br>Test class: com.qa.amazon.testcases.LandingPageTest</td>
<td></td>
<td>0</td>
<td>com.qa.amazon.testcases.LandingPageTest@2a3888c1</td></tr>
<tr>
<td title='com.qa.amazon.testcases.LoginPageTest.verifyLoginPageLogoTest()'><b>verifyLoginPageLogoTest</b><br>Test class: com.qa.amazon.testcases.LoginPageTest</td>
<td></td>
<td>0</td>
<td>com.qa.amazon.testcases.LoginPageTest@4167d97b</td></tr>
<tr>
<td title='com.qa.amazon.testcases.LoginPageTest.verifyLoginPageTitleTest()'><b>verifyLoginPageTitleTest</b><br>Test class: com.qa.amazon.testcases.LoginPageTest</td>
<td></td>
<td>0</td>
<td>com.qa.amazon.testcases.LoginPageTest@4167d97b</td></tr>
<tr>
<td title='com.qa.amazon.testcases.LoginPageTest.verifyNeedHelpLinkTest()'><b>verifyNeedHelpLinkTest</b><br>Test class: com.qa.amazon.testcases.LoginPageTest</td>
<td></td>
<td>0</td>
<td>com.qa.amazon.testcases.LoginPageTest@4167d97b</td></tr>
<tr>
<td title='com.qa.amazon.testcases.LoginPageTest.verifyPrivacyNoticeLinkTest()'><b>verifyPrivacyNoticeLinkTest</b><br>Test class: com.qa.amazon.testcases.LoginPageTest</td>
<td></td>
<td>0</td>
<td>com.qa.amazon.testcases.LoginPageTest@4167d97b</td></tr>
<tr>
<td title='com.qa.amazon.testcases.SignInPageTest.verifyPrivacyNoticeLinkTest()'><b>verifyPrivacyNoticeLinkTest</b><br>Test class: com.qa.amazon.testcases.SignInPageTest</td>
<td></td>
<td>0</td>
<td>com.qa.amazon.testcases.SignInPageTest@14fa86ae</td></tr>
<tr>
<td title='com.qa.amazon.testcases.SignInPageTest.verifySignInPageTitleTest()'><b>verifySignInPageTitleTest</b><br>Test class: com.qa.amazon.testcases.SignInPageTest</td>
<td></td>
<td>0</td>
<td>com.qa.amazon.testcases.SignInPageTest@14fa86ae</td></tr>
</table><p>
<table width='100%' border='1' class='invocation-skipped'>
<tr><td colspan='4' align='center'><b>SKIPPED TESTS</b></td></tr>
<tr><td><b>Test method</b></td>
<td width="30%"><b>Exception</b></td>
<td width="10%"><b>Time (seconds)</b></td>
<td><b>Instance</b></td>
</tr>
<tr>
<td title='com.qa.amazon.testcases.LoginPageTest.verifyEnterEmailAddress()'><b>verifyEnterEmailAddress</b><br>Test class: com.qa.amazon.testcases.LoginPageTest</td>
<td><div><pre>org.openqa.selenium.WebDriverException: unknown error: Element &lt;span class=&quot;nav-action-inner&quot;&gt;...&lt;/span&gt; is not clickable at point (957, 83). Other element would receive the click: &lt;div id=&quot;nav-signin-tooltip&quot;&gt;...&lt;/div&gt;
  (Session info: chrome=85.0.4183.102)
  (Driver info: chromedriver=2.36.540470 (e522d04694c7ebea4ba8821272dbef4f9b818c91),platform=Windows NT 10.0.18363 x86_64) (WARNING: The server did not provide any stacktrace information)
Command duration or timeout: 0 milliseconds
Build info: version: &apos;3.14.0&apos;, revision: &apos;aacccce0&apos;, time: &apos;2018-08-02T20:19:58.91Z&apos;
System info: host: &apos;DESKTOP-7ARKDEF&apos;, ip: &apos;192.168.0.13&apos;, os.name: &apos;Windows 10&apos;, os.arch: &apos;amd64&apos;, os.version: &apos;10.0&apos;, java.version: &apos;11.0.7&apos;
Driver info: org.openqa.selenium.chrome.ChromeDriver
Capabilities {acceptInsecureCerts: false, acceptSslCerts: false, applicationCacheEnabled: false, browserConnectionEnabled: false, browserName: chrome, chrome: {chromedriverVersion: 2.36.540470 (e522d04694c7eb..., userDataDir: C:\Users\raj2b\AppData\Loca...}, cssSelectorsEnabled: true, databaseEnabled: false, handlesAlerts: true, hasTouchScreen: false, javascriptEnabled: true, locationContextEnabled: true, mobileEmulationEnabled: false, nativeEvents: true, networkConnectionEnabled: false, pageLoadStrategy: normal, platform: XP, platformName: XP, rotatable: false, setWindowRect: true, takesHeapSnapshot: true, takesScreenshot: true, unexpectedAlertBehaviour: , unhandledPromptBehavior: , version: 85.0.4183.102, webStorageEnabled: true}
Session ID: 1e9ae1606ae42d526c682b20a63569c4
	at org.openqa.selenium.remote.ErrorHandler.createThrowable(ErrorHandler.java:214)
	at org.openqa.selenium.remote.ErrorHandler.throwIfResponseFailed(ErrorHandler.java:166)
	at org.openqa.selenium.remote.http.JsonHttpResponseCodec.reconstructValue(JsonHttpResponseCodec.java:40)
	at org.openqa.selenium.remote.http.AbstractHttpResponseCodec.decode(AbstractHttpResponseCodec.java:80)
	at org.openqa.selenium.remote.http.AbstractHttpResponseCodec.decode(AbstractHttpResponseCodec.java:44)
	at org.openqa.selenium.remote.HttpCommandExecutor.execute(HttpCommandExecutor.java:158)
	at org.openqa.selenium.remote.service.DriverCommandExecutor.execute(DriverCommandExecutor.java:83)
	at org.openqa.selenium.remote.RemoteWebDriver.execute(RemoteWebDriver.java:548)
	at org.openqa.selenium.remote.RemoteWebElement.execute(RemoteWebElement.java:276)
	at org.openqa.selenium.remote.RemoteWebElement.click(RemoteWebElement.java:83)
	at org.openqa.selenium.support.pagefactory.internal.LocatingElementHandler.invoke(LocatingElementHandler.java:51)
	at com.sun.proxy.$Proxy12.click(Unknown Source)
	at com.qa.amazon.pages.LandingPage.clickOnSignInLink(LandingPage.java:88)
	at com.qa.amazon.testcases.LoginPageTest.setUp(LoginPageTest.java:30)
	at java.base/java.util.concurrent.FutureTask.run(FutureTask.java:264)
	at java.base/java.util.concurrent.ThreadPoolExecutor.runWorker(ThreadPoolExecutor.java:1128)
	at java.base/java.util.concurrent.ThreadPoolExecutor$Worker.run(ThreadPoolExecutor.java:628)
	at java.base/java.lang.Thread.run(Thread.java:834)
... Removed 26 stack frames</pre></div><a href='#' onClick='toggleBox("stack-trace707346495", this, "Click to show all stack frames", "Click to hide stack frames")'>Click to show all stack frames</a>
<div class='stack-trace' id='stack-trace707346495'><pre>org.openqa.selenium.WebDriverException: unknown error: Element &lt;span class=&quot;nav-action-inner&quot;&gt;...&lt;/span&gt; is not clickable at point (957, 83). Other element would receive the click: &lt;div id=&quot;nav-signin-tooltip&quot;&gt;...&lt;/div&gt;
  (Session info: chrome=85.0.4183.102)
  (Driver info: chromedriver=2.36.540470 (e522d04694c7ebea4ba8821272dbef4f9b818c91),platform=Windows NT 10.0.18363 x86_64) (WARNING: The server did not provide any stacktrace information)
Command duration or timeout: 0 milliseconds
Build info: version: &apos;3.14.0&apos;, revision: &apos;aacccce0&apos;, time: &apos;2018-08-02T20:19:58.91Z&apos;
System info: host: &apos;DESKTOP-7ARKDEF&apos;, ip: &apos;192.168.0.13&apos;, os.name: &apos;Windows 10&apos;, os.arch: &apos;amd64&apos;, os.version: &apos;10.0&apos;, java.version: &apos;11.0.7&apos;
Driver info: org.openqa.selenium.chrome.ChromeDriver
Capabilities {acceptInsecureCerts: false, acceptSslCerts: false, applicationCacheEnabled: false, browserConnectionEnabled: false, browserName: chrome, chrome: {chromedriverVersion: 2.36.540470 (e522d04694c7eb..., userDataDir: C:\Users\raj2b\AppData\Loca...}, cssSelectorsEnabled: true, databaseEnabled: false, handlesAlerts: true, hasTouchScreen: false, javascriptEnabled: true, locationContextEnabled: true, mobileEmulationEnabled: false, nativeEvents: true, networkConnectionEnabled: false, pageLoadStrategy: normal, platform: XP, platformName: XP, rotatable: false, setWindowRect: true, takesHeapSnapshot: true, takesScreenshot: true, unexpectedAlertBehaviour: , unhandledPromptBehavior: , version: 85.0.4183.102, webStorageEnabled: true}
Session ID: 1e9ae1606ae42d526c682b20a63569c4
	at java.base/jdk.internal.reflect.NativeConstructorAccessorImpl.newInstance0(Native Method)
	at java.base/jdk.internal.reflect.NativeConstructorAccessorImpl.newInstance(NativeConstructorAccessorImpl.java:62)
	at java.base/jdk.internal.reflect.DelegatingConstructorAccessorImpl.newInstance(DelegatingConstructorAccessorImpl.java:45)
	at java.base/java.lang.reflect.Constructor.newInstance(Constructor.java:490)
	at org.openqa.selenium.remote.ErrorHandler.createThrowable(ErrorHandler.java:214)
	at org.openqa.selenium.remote.ErrorHandler.throwIfResponseFailed(ErrorHandler.java:166)
	at org.openqa.selenium.remote.http.JsonHttpResponseCodec.reconstructValue(JsonHttpResponseCodec.java:40)
	at org.openqa.selenium.remote.http.AbstractHttpResponseCodec.decode(AbstractHttpResponseCodec.java:80)
	at org.openqa.selenium.remote.http.AbstractHttpResponseCodec.decode(AbstractHttpResponseCodec.java:44)
	at org.openqa.selenium.remote.HttpCommandExecutor.execute(HttpCommandExecutor.java:158)
	at org.openqa.selenium.remote.service.DriverCommandExecutor.execute(DriverCommandExecutor.java:83)
	at org.openqa.selenium.remote.RemoteWebDriver.execute(RemoteWebDriver.java:548)
	at org.openqa.selenium.remote.RemoteWebElement.execute(RemoteWebElement.java:276)
	at org.openqa.selenium.remote.RemoteWebElement.click(RemoteWebElement.java:83)
	at jdk.internal.reflect.GeneratedMethodAccessor1.invoke(Unknown Source)
	at java.base/jdk.internal.reflect.DelegatingMethodAccessorImpl.invoke(DelegatingMethodAccessorImpl.java:43)
	at java.base/java.lang.reflect.Method.invoke(Method.java:566)
	at org.openqa.selenium.support.pagefactory.internal.LocatingElementHandler.invoke(LocatingElementHandler.java:51)
	at com.sun.proxy.$Proxy12.click(Unknown Source)
	at com.qa.amazon.pages.LandingPage.clickOnSignInLink(LandingPage.java:88)
	at com.qa.amazon.testcases.LoginPageTest.setUp(LoginPageTest.java:30)
	at java.base/jdk.internal.reflect.NativeMethodAccessorImpl.invoke0(Native Method)
	at java.base/jdk.internal.reflect.NativeMethodAccessorImpl.invoke(NativeMethodAccessorImpl.java:62)
	at java.base/jdk.internal.reflect.DelegatingMethodAccessorImpl.invoke(DelegatingMethodAccessorImpl.java:43)
	at java.base/java.lang.reflect.Method.invoke(Method.java:566)
	at org.testng.internal.MethodInvocationHelper.invokeMethod(MethodInvocationHelper.java:124)
	at org.testng.internal.MethodInvocationHelper.invokeMethodConsideringTimeout(MethodInvocationHelper.java:59)
	at org.testng.internal.Invoker.invokeConfigurationMethod(Invoker.java:458)
	at org.testng.internal.Invoker.invokeConfigurations(Invoker.java:222)
	at org.testng.internal.Invoker.invokeMethod(Invoker.java:523)
	at org.testng.internal.Invoker.invokeTestMethod(Invoker.java:719)
	at org.testng.internal.Invoker.invokeTestMethods(Invoker.java:989)
	at org.testng.internal.TestMethodWorker.invokeTestMethods(TestMethodWorker.java:125)
	at org.testng.internal.TestMethodWorker.run(TestMethodWorker.java:109)
	at org.testng.TestRunner.privateRun(TestRunner.java:648)
	at org.testng.TestRunner.run(TestRunner.java:505)
	at org.testng.SuiteRunner.runTest(SuiteRunner.java:455)
	at org.testng.SuiteRunner.access$000(SuiteRunner.java:40)
	at org.testng.SuiteRunner$SuiteWorker.run(SuiteRunner.java:489)
	at org.testng.internal.thread.ThreadUtil$1.call(ThreadUtil.java:52)
	at java.base/java.util.concurrent.FutureTask.run(FutureTask.java:264)
	at java.base/java.util.concurrent.ThreadPoolExecutor.runWorker(ThreadPoolExecutor.java:1128)
	at java.base/java.util.concurrent.ThreadPoolExecutor$Worker.run(ThreadPoolExecutor.java:628)
	at java.base/java.lang.Thread.run(Thread.java:834)
</pre></div></td>
<td>0</td>
<td>com.qa.amazon.testcases.LoginPageTest@4167d97b</td></tr>
</table><p>
</body>
</html>