<?xml version="1.0" encoding="UTF-8"?>
<!-- Generated by org.testng.reporters.JUnitXMLReporter -->
<testsuite ignored="0" hostname="DESKTOP-7ARKDEF" failures="0" tests="20" name="Amazon Test Case" time="691.651" errors="0" timestamp="22 Sep. 2020 01:05:34 GMT">
  <testcase classname="com.qa.amazon.testcases.LoginPageTest" name="@BeforeMethod setUp" time="27.002">
    <failure type="org.openqa.selenium.WebDriverException" message="unknown error: Element &amp;lt;span class=&amp;quot;nav-action-inner&amp;quot;&amp;gt;...&amp;lt;/span&amp;gt; is not clickable at point (957, 83). Other element would receive the click: &amp;lt;div id=&amp;quot;nav-signin-tooltip&amp;quot;&amp;gt;...&amp;lt;/div&amp;gt;
  (Session info: chrome=85.0.4183.102)
  (Driver info: chromedriver=2.36.540470 (e522d04694c7ebea4ba8821272dbef4f9b818c91),platform=Windows NT 10.0.18363 x86_64) (WARNING: The server did not provide any stacktrace information)
Command duration or timeout: 0 milliseconds
Build info: version: &amp;apos;3.14.0&amp;apos;, revision: &amp;apos;aacccce0&amp;apos;, time: &amp;apos;2018-08-02T20:19:58.91Z&amp;apos;
System info: host: &amp;apos;DESKTOP-7ARKDEF&amp;apos;, ip: &amp;apos;192.168.0.13&amp;apos;, os.name: &amp;apos;Windows 10&amp;apos;, os.arch: &amp;apos;amd64&amp;apos;, os.version: &amp;apos;10.0&amp;apos;, java.version: &amp;apos;11.0.7&amp;apos;
Driver info: org.openqa.selenium.chrome.ChromeDriver
Capabilities {acceptInsecureCerts: false, acceptSslCerts: false, applicationCacheEnabled: false, browserConnectionEnabled: false, browserName: chrome, chrome: {chromedriverVersion: 2.36.540470 (e522d04694c7eb..., userDataDir: C:\Users\raj2b\AppData\Loca...}, cssSelectorsEnabled: true, databaseEnabled: false, handlesAlerts: true, hasTouchScreen: false, javascriptEnabled: true, locationContextEnabled: true, mobileEmulationEnabled: false, nativeEvents: true, networkConnectionEnabled: false, pageLoadStrategy: normal, platform: XP, platformName: XP, rotatable: false, setWindowRect: true, takesHeapSnapshot: true, takesScreenshot: true, unexpectedAlertBehaviour: , unhandledPromptBehavior: , version: 85.0.4183.102, webStorageEnabled: true}
Session ID: 1e9ae1606ae42d526c682b20a63569c4">
      <![CDATA[org.openqa.selenium.WebDriverException: unknown error: Element <span class="nav-action-inner">...</span> is not clickable at point (957, 83). Other element would receive the click: <div id="nav-signin-tooltip">...</div>
  (Session info: chrome=85.0.4183.102)
  (Driver info: chromedriver=2.36.540470 (e522d04694c7ebea4ba8821272dbef4f9b818c91),platform=Windows NT 10.0.18363 x86_64) (WARNING: The server did not provide any stacktrace information)
Command duration or timeout: 0 milliseconds
Build info: version: '3.14.0', revision: 'aacccce0', time: '2018-08-02T20:19:58.91Z'
System info: host: 'DESKTOP-7ARKDEF', ip: '192.168.0.13', os.name: 'Windows 10', os.arch: 'amd64', os.version: '10.0', java.version: '11.0.7'
Driver info: org.openqa.selenium.chrome.ChromeDriver
Capabilities {acceptInsecureCerts: false, acceptSslCerts: false, applicationCacheEnabled: false, browserConnectionEnabled: false, browserName: chrome, chrome: {chromedriverVersion: 2.36.540470 (e522d04694c7eb..., userDataDir: C:\Users\raj2b\AppData\Loca...}, cssSelectorsEnabled: true, databaseEnabled: false, handlesAlerts: true, hasTouchScreen: false, javascriptEnabled: true, locationContextEnabled: true, mobileEmulationEnabled: false, nativeEvents: true, networkConnectionEnabled: false, pageLoadStrategy: normal, platform: XP, platformName: XP, rotatable: false, setWindowRect: true, takesHeapSnapshot: true, takesScreenshot: true, unexpectedAlertBehaviour: , unhandledPromptBehavior: , version: 85.0.4183.102, webStorageEnabled: true}
Session ID: 1e9ae1606ae42d526c682b20a63569c4
at org.openqa.selenium.remote.ErrorHandler.createThrowable(ErrorHandler.java:214)
at org.openqa.selenium.remote.ErrorHandler.throwIfResponseFailed(ErrorHandler.java:166)
at org.openqa.selenium.remote.http.JsonHttpResponseCodec.reconstructValue(JsonHttpResponseCodec.java:40)
at org.openqa.selenium.remote.http.AbstractHttpResponseCodec.decode(AbstractHttpResponseCodec.java:80)
at org.openqa.selenium.remote.http.AbstractHttpResponseCodec.decode(AbstractHttpResponseCodec.java:44)
at org.openqa.selenium.remote.HttpCommandExecutor.execute(HttpCommandExecutor.java:158)
at org.openqa.selenium.remote.service.DriverCommandExecutor.execute(DriverCommandExecutor.java:83)
at org.openqa.selenium.remote.RemoteWebDriver.execute(RemoteWebDriver.java:548)
at org.openqa.selenium.remote.RemoteWebElement.execute(RemoteWebElement.java:276)
at org.openqa.selenium.remote.RemoteWebElement.click(RemoteWebElement.java:83)
at org.openqa.selenium.support.pagefactory.internal.LocatingElementHandler.invoke(LocatingElementHandler.java:51)
at com.sun.proxy.$Proxy12.click(Unknown Source)
at com.qa.amazon.pages.LandingPage.clickOnSignInLink(LandingPage.java:88)
at com.qa.amazon.testcases.LoginPageTest.setUp(LoginPageTest.java:30)
at java.base/java.util.concurrent.FutureTask.run(FutureTask.java:264)
at java.base/java.util.concurrent.ThreadPoolExecutor.runWorker(ThreadPoolExecutor.java:1128)
at java.base/java.util.concurrent.ThreadPoolExecutor$Worker.run(ThreadPoolExecutor.java:628)
at java.base/java.lang.Thread.run(Thread.java:834)
... Removed 26 stack frames]]>
    </failure>
  </testcase> <!-- @BeforeMethod setUp -->
  <testcase classname="com.qa.amazon.testcases.LoginPageTest" name="@AfterMethod tearDown" time="0.0">
    <skipped/>
  </testcase> <!-- @AfterMethod tearDown -->
  <testcase classname="com.qa.amazon.testcases.LandingPageTest" name="verifyLandingPageTitleTest" time="0.08"/>
  <testcase classname="com.qa.amazon.testcases.LoginPageTest" name="verifyLoginPageTitleTest" time="0.064"/>
  <testcase classname="com.qa.amazon.testcases.SignInPageTest" name="verifySignInPageTitleTest" time="0.057"/>
  <testcase classname="com.qa.amazon.testcases.LandingPageTest" name="verifyLandingPageLogoTest" time="0.321"/>
  <testcase classname="com.qa.amazon.testcases.LoginPageTest" name="verifyLoginPageLogoTest" time="0.154"/>
  <testcase classname="com.qa.amazon.testcases.SignInPageTest" name="verifyForgotPasswordLinkTest" time="0.061"/>
  <testcase classname="com.qa.amazon.testcases.LandingPageTest" name="verifyLandingPageSearchTextBoxTest" time="0.136"/>
  <testcase classname="com.qa.amazon.testcases.LoginPageTest" name="verifyConditionOfUseLinkTest" time="0.067"/>
  <testcase classname="com.qa.amazon.testcases.SignInPageTest" name="verifyKeepMeCheckBoxTest" time="0.054"/>
  <testcase classname="com.qa.amazon.testcases.LandingPageTest" name="verifyLandingPageFlagLogoTest" time="0.116"/>
  <testcase classname="com.qa.amazon.testcases.LoginPageTest" name="verifyNeedHelpLinkTest" time="0.157"/>
  <testcase classname="com.qa.amazon.testcases.SignInPageTest" name="verifyDetailsLinkTest" time="0.081"/>
  <testcase classname="com.qa.amazon.testcases.LandingPageTest" name="verifyLandingPageCondtionOfUseLinkTest" time="8.369"/>
  <testcase classname="com.qa.amazon.testcases.LoginPageTest" name="verifyPrivacyNoticeLinkTest" time="0.062"/>
  <testcase classname="com.qa.amazon.testcases.SignInPageTest" name="verifyHelpLinkTest" time="0.088"/>
  <testcase classname="com.qa.amazon.testcases.LandingPageTest" name="verifyClickOnSignInLinkTest" time="10.839"/>
  <testcase classname="com.qa.amazon.testcases.LoginPageTest" name="verifyCreateAccountSubmitTest" time="0.054"/>
  <testcase classname="com.qa.amazon.testcases.SignInPageTest" name="verifyPrivacyNoticeLinkTest" time="0.099"/>
  <testcase classname="com.qa.amazon.testcases.LoginPageTest" name="verifyEnterEmailAddress" time="0.0">
    <skipped/>
  </testcase> <!-- verifyEnterEmailAddress -->
  <testcase classname="com.qa.amazon.testcases.SignInPageTest" name="verifyEnterPassword" time="2.662"/>
</testsuite> <!-- Amazon Test Case -->
